<?xml version="1.0" encoding="UTF-8"?>
<testsuite name="org.zerock.springex.mapper.TimeMapperTests" tests="1" skipped="0" failures="0" errors="0" timestamp="2025-09-06T06:09:18" hostname="DESKTOP-6GE5M7E" time="0.102">
  <properties/>
  <testcase name="testGetTime2()" classname="org.zerock.springex.mapper.TimeMapperTests" time="0.102"/>
  <system-out><![CDATA[03:09:17  INFO [org.springframework.test.context.support.DefaultTestContextBootstrapper] Loaded default TestExecutionListener class names from location [META-INF/spring.factories]: [org.springframework.test.context.web.ServletTestExecutionListener, org.springframework.test.context.support.DirtiesContextBeforeModesTestExecutionListener, org.springframework.test.context.event.ApplicationEventsTestExecutionListener, org.springframework.test.context.support.DependencyInjectionTestExecutionListener, org.springframework.test.context.support.DirtiesContextTestExecutionListener, org.springframework.test.context.transaction.TransactionalTestExecutionListener, org.springframework.test.context.jdbc.SqlScriptsTestExecutionListener, org.springframework.test.context.event.EventPublishingTestExecutionListener]
03:09:17  INFO [org.springframework.test.context.support.DefaultTestContextBootstrapper] Using TestExecutionListeners: [org.springframework.test.context.support.DirtiesContextBeforeModesTestExecutionListener@6548bb7d, org.springframework.test.context.event.ApplicationEventsTestExecutionListener@e27ba81, org.springframework.test.context.support.DependencyInjectionTestExecutionListener@54336c81, org.springframework.test.context.support.DirtiesContextTestExecutionListener@1556f2dd, org.springframework.test.context.transaction.TransactionalTestExecutionListener@35e52059, org.springframework.test.context.jdbc.SqlScriptsTestExecutionListener@62577d6, org.springframework.test.context.event.EventPublishingTestExecutionListener@49bd54f7]
03:09:17  INFO [com.zaxxer.hikari.HikariDataSource] HikariPool-1 - Starting...
03:09:18  INFO [com.zaxxer.hikari.pool.HikariPool] HikariPool-1 - Added connection org.mariadb.jdbc.Connection@5833f5cd
03:09:18  INFO [com.zaxxer.hikari.HikariDataSource] HikariPool-1 - Start completed.
03:09:18  INFO [org.zerock.springex.mapper.TimeMapperTests] 2025-09-06 15:09:18
]]></system-out>
  <system-err><![CDATA[]]></system-err>
</testsuite>
