<?xml version="1.0" encoding="UTF-8"?>
<testsuite name="org.zerock.springex.mapper.TimeMapperTests" tests="1" skipped="0" failures="0" errors="0" timestamp="2025-08-15T03:36:15" hostname="DESKTOP-6GE5M7E" time="0.09">
  <properties/>
  <testcase name="testGetTime2()" classname="org.zerock.springex.mapper.TimeMapperTests" time="0.09"/>
  <system-out><![CDATA[12:36:14  INFO [org.springframework.test.context.support.DefaultTestContextBootstrapper] Loaded default TestExecutionListener class names from location [META-INF/spring.factories]: [org.springframework.test.context.web.ServletTestExecutionListener, org.springframework.test.context.support.DirtiesContextBeforeModesTestExecutionListener, org.springframework.test.context.event.ApplicationEventsTestExecutionListener, org.springframework.test.context.support.DependencyInjectionTestExecutionListener, org.springframework.test.context.support.DirtiesContextTestExecutionListener, org.springframework.test.context.transaction.TransactionalTestExecutionListener, org.springframework.test.context.jdbc.SqlScriptsTestExecutionListener, org.springframework.test.context.event.EventPublishingTestExecutionListener]
12:36:14  INFO [org.springframework.test.context.support.DefaultTestContextBootstrapper] Using TestExecutionListeners: [org.springframework.test.context.support.DirtiesContextBeforeModesTestExecutionListener@5aa360ea, org.springframework.test.context.event.ApplicationEventsTestExecutionListener@6548bb7d, org.springframework.test.context.support.DependencyInjectionTestExecutionListener@e27ba81, org.springframework.test.context.support.DirtiesContextTestExecutionListener@54336c81, org.springframework.test.context.transaction.TransactionalTestExecutionListener@1556f2dd, org.springframework.test.context.jdbc.SqlScriptsTestExecutionListener@35e52059, org.springframework.test.context.event.EventPublishingTestExecutionListener@62577d6]
12:36:15  INFO [com.zaxxer.hikari.HikariDataSource] HikariPool-1 - Starting...
12:36:15  INFO [com.zaxxer.hikari.pool.HikariPool] HikariPool-1 - Added connection org.mariadb.jdbc.Connection@702c436b
12:36:15  INFO [com.zaxxer.hikari.HikariDataSource] HikariPool-1 - Start completed.
12:36:15  INFO [org.zerock.springex.mapper.TimeMapperTests] 2025-08-15 12:36:15
]]></system-out>
  <system-err><![CDATA[]]></system-err>
</testsuite>
